Performing C++ SOURCE FILE Test CPP20_FLAG_BUILTIN failed with the following output:
Change Dir: /home/zhenhao/TDT/build/CMakeFiles/CMakeTmp

Run Build Command(s):/usr/bin/gmake -f Makefile cmTC_35b67/fast && /usr/bin/gmake  -f CMakeFiles/cmTC_35b67.dir/build.make CMakeFiles/cmTC_35b67.dir/build
gmake[1]: Entering directory '/home/zhenhao/TDT/build/CMakeFiles/CMakeTmp'
Building CXX object CMakeFiles/cmTC_35b67.dir/src.cxx.o
/usr/bin/g++ -DCPP20_FLAG_BUILTIN -I/home/zhenhao/TDT/build/_deps/seqan3-src/include -I/home/zhenhao/TDT/build/_deps/seqan3-src/submodules/sdsl-lite/include -I/home/zhenhao/TDT/build/_deps/seqan3-src/submodules/cereal/include -O3  -O3 -o CMakeFiles/cmTC_35b67.dir/src.cxx.o -c /home/zhenhao/TDT/build/CMakeFiles/CMakeTmp/src.cxx
/home/zhenhao/TDT/build/CMakeFiles/CMakeTmp/src.cxx:2:8: error: #error NOCXX20
    2 |       #error NOCXX20
      |        ^~~~~
gmake[1]: *** [CMakeFiles/cmTC_35b67.dir/build.make:78: CMakeFiles/cmTC_35b67.dir/src.cxx.o] Error 1
gmake[1]: Leaving directory '/home/zhenhao/TDT/build/CMakeFiles/CMakeTmp'
gmake: *** [Makefile:127: cmTC_35b67/fast] Error 2


Source file was:
#if !defined (__cplusplus) || (__cplusplus < 201709)
      #error NOCXX20
      #endif
      int main() {}
Performing C++ SOURCE FILE Test CXX20_BUILTIN failed with the following output:
Change Dir: /home/zhenhao/TDT/build/CMakeFiles/CMakeTmp

Run Build Command(s):/usr/bin/gmake -f Makefile cmTC_21401/fast && /usr/bin/gmake  -f CMakeFiles/cmTC_21401.dir/build.make CMakeFiles/cmTC_21401.dir/build
gmake[1]: Entering directory '/home/zhenhao/TDT/build/CMakeFiles/CMakeTmp'
Building CXX object CMakeFiles/cmTC_21401.dir/src.cxx.o
/usr/bin/g++ -DCXX20_BUILTIN -I/home/zhenhao/TDT/build/_deps/sharg-src/include -O3  -O3 -o CMakeFiles/cmTC_21401.dir/src.cxx.o -c /home/zhenhao/TDT/build/CMakeFiles/CMakeTmp/src.cxx
/home/zhenhao/TDT/build/CMakeFiles/CMakeTmp/src.cxx:2:8: error: #error NOCXX20
    2 |       #error NOCXX20
      |        ^~~~~
gmake[1]: *** [CMakeFiles/cmTC_21401.dir/build.make:78: CMakeFiles/cmTC_21401.dir/src.cxx.o] Error 1
gmake[1]: Leaving directory '/home/zhenhao/TDT/build/CMakeFiles/CMakeTmp'
gmake: *** [Makefile:127: cmTC_21401/fast] Error 2


Source file was:
#if !defined (__cplusplus) || (__cplusplus < 202002)
      #error NOCXX20
      #endif
      int main() {}
